Build started 2016-10-22 14:33:34.
     1>Project "D:\StarFighter\StarFighterV2\StarFighterV2.vcxproj" on node 2 (Build target(s)).
     1>Link:
         C:\Program Files (x86)\Microsoft Visual Studio 12.0\VC\bin\link.exe /ERRORREPORT:PROMPT /OUT:"D:\StarFighter\\build\StarFighterV2-Debug.exe" /INCREMENTAL:NO /NOLOGO /LIBPATH:D:\StarFighter\\StarFighterV2\allegro\lib "allegro-5.0.10-monolith-md.lib" kernel32.lib user32.lib gdi32.lib winspool.lib comdlg32.lib advapi32.lib shell32.lib ole32.lib oleaut32.lib uuid.lib odbc32.lib odbccp32.lib /MANIFEST /MANIFESTUAC:"level='asInvoker' uiAccess='false'" /manifest:embed /DEBUG /PDB:"D:\StarFighter\\build\StarFighterV2-Debug.pdb" /SUBSYSTEM:CONSOLE /TLBID:1 /DYNAMICBASE /NXCOMPAT /IMPLIB:"D:\StarFighter\\build\StarFighterV2-Debug.lib" /MACHINE:X86 Debug\Actor.obj
         Debug\ActorFactory.obj
         Debug\ActorPool.obj
         Debug\Emiter.obj
         Debug\Engine.obj
         Debug\EventManager.obj
         Debug\InputManager.obj
         Debug\World.obj
         Debug\Math.obj
         Debug\Player.obj
         Debug\StarFighterV2.obj
         Debug\stdafx.obj
         Debug\Camera.obj
     1>Actor.obj : warning LNK4075: ignoring '/EDITANDCONTINUE' due to '/OPT:LBR' specification
         StarFighterV2.vcxproj -> D:\StarFighter\\build\StarFighterV2-Debug.exe
     1>Done Building Project "D:\StarFighter\StarFighterV2\StarFighterV2.vcxproj" (Build target(s)).

Build succeeded.

Time Elapsed 00:00:00.52
